[2025-10-01 15:35:17,908][root][INFO] - FL_Task - {"dataset": "MNIST", "start_execution_time": "2025-10-01 15:35:17"}
[2025-10-01 15:35:17,965][__main__][INFO] - data loaded
[2025-10-01 15:35:17,983][__main__][INFO] - Latest Local Model download
[2025-10-01 15:35:17,983][root][INFO] - downloaded local_model_name: MNISTClassifier_local_model_V1.pth
[2025-10-01 15:35:18,006][root][INFO] - init model_type: Pytorch
[2025-10-01 15:38:25,003][root][INFO] - bulid model
[2025-10-01 15:38:25,003][root][INFO] - FL start
[2025-10-01 15:38:25,013][fedops.client.client_api][INFO] - FL_server_IP:port - ccl.gachon.ac.kr:40033
[2025-10-01 15:38:25,015][root][INFO] - FL learning ready
[2025-10-01 15:38:25,015][root][INFO] - fl_task_id: realreal
[2025-10-01 15:38:25,015][root][INFO] - dataset: MNIST
[2025-10-01 15:38:25,015][root][INFO] - output_size: 10
[2025-10-01 15:38:25,015][root][INFO] - validation_split: 0.2
[2025-10-01 15:38:25,015][root][INFO] - model_type: Pytorch
[2025-10-01 15:38:25,015][root][INFO] - wandb_key: 38f6cf3c2c37660d42ebfe8ab434b72d34be3b31
[2025-10-01 15:38:25,015][root][INFO] - wandb_account: rirakang@gachon.ac.kr
[2025-10-01 15:38:26,800][flwr][WARNING] - DEPRECATED FEATURE: flwr.client.start_numpy_client() is deprecated. 
	Instead, use `flwr.client.start_client()` by ensuring you first call the `.to_client()` method as shown below: 
	flwr.client.start_client(
		server_address='<IP>:<PORT>',
		client=FlowerClient().to_client(), # <-- where FlowerClient is of type flwr.client.NumPyClient object
	)
	Using `start_numpy_client()` is deprecated.

            This is a deprecated feature. It will be removed
            entirely in future versions of Flower.
        
[2025-10-01 15:38:26,802][flwr][WARNING] - DEPRECATED FEATURE: flwr.client.start_client() is deprecated.
	Instead, use the `flower-supernode` CLI command to start a SuperNode as shown below:

		$ flower-supernode --insecure --superlink='<IP>:<PORT>'

	To view all available options, run:

		$ flower-supernode --help

	Using `start_client()` is deprecated.

            This is a deprecated feature. It will be removed
            entirely in future versions of Flower.
        
[2025-10-01 15:38:26,840][flwr][DEBUG] - Opened insecure gRPC connection (no certificates were passed)
[2025-10-01 15:38:26,844][flwr][DEBUG] - ChannelConnectivity.IDLE
[2025-10-01 15:38:26,846][flwr][DEBUG] - ChannelConnectivity.CONNECTING
[2025-10-01 15:38:26,848][flwr][DEBUG] - ChannelConnectivity.READY
[2025-10-01 15:38:27,552][flwr][INFO] - 
[2025-10-01 15:38:27,553][flwr][INFO] - Received: train message 573baf9e-f61c-4a66-99d3-2e8b3e6865f5
[2025-10-01 15:38:27,570][fedops.client.client_api][INFO] - [cluster-upsert] success (task_id=realreal, mac=f0:2f:74:96:d6:64, cluster_id=0)
[2025-10-01 15:39:48,124][fedops.client.client_fl][INFO] - train_performance - {"fl_task_id": "realreal", "client_mac": "f0:2f:74:96:d6:64", "client_name": "ccl-y-server", "round": 1, "gl_model_v": 1, "train_loss": 0.030068738510461924, "train_accuracy": 0.9913611111111111, "train_f1_score": 0.9913638798880934, "val_loss": 0.04148824015097256, "val_accuracy": 0.9876666666666667, "val_f1_score": 0.987668780709328, "train_time": 80.5503180027008, "wandb_name": "ccl-y-server-v0(2025-10-01 15:35:18.010659)", "cluster_id": 0}
[2025-10-01 15:39:48,195][flwr][INFO] - Sent reply
[2025-10-01 15:39:53,106][flwr][INFO] - 
[2025-10-01 15:39:53,107][flwr][INFO] - Received: evaluate message 7901becc-50d4-472a-97d4-56574f580779
[2025-10-01 15:39:55,047][fedops.client.client_fl][INFO] - test - {"fl_task_id": "realreal", "client_mac": "f0:2f:74:96:d6:64", "client_name": "ccl-y-server", "round": 1, "test_loss": 0.047163469751583455, "test_accuracy": 0.9855, "gl_model_v": 1, "wandb_name": "ccl-y-server-v0(2025-10-01 15:35:18.010659)"}
[2025-10-01 15:39:55,057][flwr][INFO] - Sent reply
[2025-10-01 15:39:56,168][flwr][INFO] - 
[2025-10-01 15:39:56,169][flwr][INFO] - Received: train message 858a01ec-2ab2-4b33-a7e4-a161441b90d6
[2025-10-01 15:39:56,187][fedops.client.client_api][INFO] - [cluster-upsert] success (task_id=realreal, mac=f0:2f:74:96:d6:64, cluster_id=0)
[2025-10-01 15:40:13,922][fedops.client.client_fl][INFO] - train_performance - {"fl_task_id": "realreal", "client_mac": "f0:2f:74:96:d6:64", "client_name": "ccl-y-server", "round": 2, "gl_model_v": 1, "train_loss": 0.041196776419955616, "train_accuracy": 0.98725, "train_f1_score": 0.9872432741926972, "val_loss": 0.06007179139340495, "val_accuracy": 0.9826666666666667, "val_f1_score": 0.9826492179487659, "train_time": 17.73108410835266, "wandb_name": "ccl-y-server-v0(2025-10-01 15:35:18.010659)", "cluster_id": 0}
[2025-10-01 15:40:13,982][flwr][INFO] - Sent reply
[2025-10-01 15:40:19,277][flwr][INFO] - 
[2025-10-01 15:40:19,277][flwr][INFO] - Received: evaluate message cb3f49b2-06a3-4507-8e37-1ca9975525f8
[2025-10-01 15:40:21,100][fedops.client.client_fl][INFO] - test - {"fl_task_id": "realreal", "client_mac": "f0:2f:74:96:d6:64", "client_name": "ccl-y-server", "round": 2, "test_loss": 0.04784720268675146, "test_accuracy": 0.9855833333333334, "gl_model_v": 1, "wandb_name": "ccl-y-server-v0(2025-10-01 15:35:18.010659)"}
[2025-10-01 15:40:21,111][flwr][INFO] - Sent reply
[2025-10-01 15:40:21,353][flwr][INFO] - 
[2025-10-01 15:40:21,354][flwr][INFO] - Received: reconnect message 99de255b-af69-4b6a-9191-a840e99ba1bb
[2025-10-01 15:40:21,358][flwr][DEBUG] - gRPC channel closed
[2025-10-01 15:40:21,359][flwr][INFO] - Disconnect and shut down
[2025-10-01 15:40:21,361][root][INFO] - fl learning finished
[2025-10-01 15:40:24,141][root][ERROR] - wandb system load error: Could not find project MNIST_realreal
[2025-10-01 15:40:24,144][root][INFO] - client_operation_time - {"fl_task_id": "realreal", "client_mac": "f0:2f:74:96:d6:64", "client_name": "ccl-y-server", "operation_time": 114.5629096031189, "gl_model_v": 1}
[2025-10-01 15:40:24,158][root][INFO] - try notify_fin
[2025-10-01 15:40:24,176][root][INFO] - trainFin
[2025-10-01 15:40:24,176][root][INFO] - FL Client Learning Finish
